// 重构日志: 774b18d0
// 重构日志: e02ac54b
// 重构日志: 6a8d08c0
// 重构日志: aafd54a1
// 重构日志: b836428d
// 同步 ID: f55931a8 @ Sun Jul  5 12:45:59 UTC 2026
// 重构日志: 4a3fd4d9
// 同步 ID: 69a466f0 @ Mon Jul  6 09:21:35 UTC 2026
// 重构日志: 1f0e22ab
// 同步 ID: a448930d @ Wed Jul  8 06:40:33 UTC 2026
// 重构日志: 28e667ed
// 重构日志: 88654c9a
// 同步 ID: fc676aca @ Fri Jul 10 15:25:57 UTC 2026
// 重构日志: ac03601b
// 重构日志: 6053a39a
// 重构日志: a27391d4
// 重构日志: 593c602e
// 重构日志: fbce68cd
// 重构日志: b05c0735
// 同步 ID: bdfc9ac7 @ Sun Jul 12 13:58:49 UTC 2026
// 重构日志: 5c1c4029
// 重构日志: 3463ab65
// 重构日志: d92305ac
// 重构日志: be06162f
// 重构日志: ffe8d029
// 重构日志: b567faaa
// 同步 ID: 91203fb5 @ Tue Jul 14 09:19:17 UTC 2026
// 重构日志: 1d25ab6e
// 同步 ID: f19c300c @ Wed Jul 15 06:34:45 UTC 2026
// 同步 ID: 3d2ff309 @ Thu Jul 16 14:49:33 UTC 2026
// 重构日志: 3b699b24
